/usr/local/lib/ruby/gems/1.8/gems/activesupport-2.3.5/lib/active_support/whiny_nil.rb:52:in `method_missing': undefined method `backtrace' for nil:NilClass (NoMethodError)
	from /work/tdameritrade/stock_db_capture/lib/task/base.rb:148:in `join'
	from /work/tdameritrade/stock_db_capture/lib/task/base.rb:148:in `serve'
	from /work/tdameritrade/stock_db_capture/lib/task/base.rb:148:in `each'
	from /work/tdameritrade/stock_db_capture/lib/task/base.rb:148:in `serve'
	from /work/tdameritrade/stock_db_capture/lib/task/base.rb:235:in `run'
	from /usr/local/lib/ruby/gems/1.8/gems/daemons-1.0.10/lib/daemons/application.rb:215:in `call'
	from /usr/local/lib/ruby/gems/1.8/gems/daemons-1.0.10/lib/daemons/application.rb:215:in `start_proc'
	from /usr/local/lib/ruby/gems/1.8/gems/daemons-1.0.10/lib/daemons/daemonize.rb:192:in `call'
	from /usr/local/lib/ruby/gems/1.8/gems/daemons-1.0.10/lib/daemons/daemonize.rb:192:in `call_as_daemon'
	from /usr/local/lib/ruby/gems/1.8/gems/daemons-1.0.10/lib/daemons/application.rb:219:in `start_proc'
	from /usr/local/lib/ruby/gems/1.8/gems/daemons-1.0.10/lib/daemons/application.rb:255:in `start'
	from /usr/local/lib/ruby/gems/1.8/gems/daemons-1.0.10/lib/daemons/controller.rb:69:in `run'
	from /usr/local/lib/ruby/gems/1.8/gems/daemons-1.0.10/lib/daemons.rb:188:in `run_proc'
	from /usr/local/lib/ruby/gems/1.8/gems/daemons-1.0.10/lib/daemons/cmdline.rb:105:in `call'
	from /usr/local/lib/ruby/gems/1.8/gems/daemons-1.0.10/lib/daemons/cmdline.rb:105:in `catch_exceptions'
	from /usr/local/lib/ruby/gems/1.8/gems/daemons-1.0.10/lib/daemons.rb:187:in `run_proc'
	from /work/tdameritrade/stock_db_capture/lib/task/base.rb:232:in `run'
	from /work/tdameritrade/stock_db_capture/lib/task/base.rb:231:in `times'
	from /work/tdameritrade/stock_db_capture/lib/task/base.rb:231:in `run'
	from ./task_manager:39
/usr/local/lib/ruby/gems/1.8/gems/activesupport-2.3.5/lib/active_support/whiny_nil.rb:52:in `method_missing': undefined method `backtrace' for nil:NilClass (NoMethodError)
	from /work/tdameritrade/stock_db_capture/lib/task/base.rb:148:in `join'
	from /work/tdameritrade/stock_db_capture/lib/task/base.rb:148:in `serve'
	from /work/tdameritrade/stock_db_capture/lib/task/base.rb:148:in `each'
	from /work/tdameritrade/stock_db_capture/lib/task/base.rb:148:in `serve'
	from /work/tdameritrade/stock_db_capture/lib/task/base.rb:235:in `run'
	from /usr/local/lib/ruby/gems/1.8/gems/daemons-1.0.10/lib/daemons/application.rb:215:in `call'
	from /usr/local/lib/ruby/gems/1.8/gems/daemons-1.0.10/lib/daemons/application.rb:215:in `start_proc'
	from /usr/local/lib/ruby/gems/1.8/gems/daemons-1.0.10/lib/daemons/daemonize.rb:192:in `call'
	from /usr/local/lib/ruby/gems/1.8/gems/daemons-1.0.10/lib/daemons/daemonize.rb:192:in `call_as_daemon'
	from /usr/local/lib/ruby/gems/1.8/gems/daemons-1.0.10/lib/daemons/application.rb:219:in `start_proc'
	from /usr/local/lib/ruby/gems/1.8/gems/daemons-1.0.10/lib/daemons/application.rb:255:in `start'
	from /usr/local/lib/ruby/gems/1.8/gems/daemons-1.0.10/lib/daemons/controller.rb:69:in `run'
	from /usr/local/lib/ruby/gems/1.8/gems/daemons-1.0.10/lib/daemons.rb:188:in `run_proc'
	from /usr/local/lib/ruby/gems/1.8/gems/daemons-1.0.10/lib/daemons/cmdline.rb:105:in `call'
	from /usr/local/lib/ruby/gems/1.8/gems/daemons-1.0.10/lib/daemons/cmdline.rb:105:in `catch_exceptions'
	from /usr/local/lib/ruby/gems/1.8/gems/daemons-1.0.10/lib/daemons.rb:187:in `run_proc'
	from /work/tdameritrade/stock_db_capture/lib/task/base.rb:232:in `run'
	from /work/tdameritrade/stock_db_capture/lib/task/base.rb:231:in `times'
	from /work/tdameritrade/stock_db_capture/lib/task/base.rb:231:in `run'
	from ./task_manager:39
