/usr/local/lib/ruby/gems/1.8/gems/activesupport-2.3.5/lib/active_support/buffered_logger.rb:99:in `write': closed stream (IOError)
	from /usr/local/lib/ruby/gems/1.8/gems/activesupport-2.3.5/lib/active_support/buffered_logger.rb:99:in `flush'
	from /usr/local/lib/ruby/gems/1.8/gems/activesupport-2.3.5/lib/active_support/buffered_logger.rb:96:in `synchronize'
	from /usr/local/lib/ruby/gems/1.8/gems/activesupport-2.3.5/lib/active_support/buffered_logger.rb:96:in `flush'
	from /usr/local/lib/ruby/gems/1.8/gems/activesupport-2.3.5/lib/active_support/buffered_logger.rb:116:in `auto_flush'
	from /usr/local/lib/ruby/gems/1.8/gems/activesupport-2.3.5/lib/active_support/buffered_logger.rb:65:in `add'
	from /usr/local/lib/ruby/gems/1.8/gems/activesupport-2.3.5/lib/active_support/buffered_logger.rb:71:in `debug'
	from /usr/local/lib/ruby/gems/1.8/gems/activerecord-2.3.5/lib/active_record/connection_adapters/abstract_adapter.rb:196:in `log_info'
	from /usr/local/lib/ruby/gems/1.8/gems/activerecord-2.3.5/lib/active_record/connection_adapters/abstract_adapter.rb:218:in `log'
	from /usr/local/lib/ruby/gems/1.8/gems/activerecord-2.3.5/lib/active_record/connection_adapters/mysql_adapter.rb:323:in `execute'
	from /usr/local/lib/ruby/gems/1.8/gems/activerecord-2.3.5/lib/active_record/connection_adapters/mysql_adapter.rb:599:in `configure_connection'
	from /usr/local/lib/ruby/gems/1.8/gems/activerecord-2.3.5/lib/active_record/connection_adapters/mysql_adapter.rb:594:in `connect'
	from /usr/local/lib/ruby/gems/1.8/gems/activerecord-2.3.5/lib/active_record/connection_adapters/mysql_adapter.rb:203:in `initialize'
	from /usr/local/lib/ruby/gems/1.8/gems/activerecord-2.3.5/lib/active_record/connection_adapters/mysql_adapter.rb:75:in `new'
	from /usr/local/lib/ruby/gems/1.8/gems/activerecord-2.3.5/lib/active_record/connection_adapters/mysql_adapter.rb:75:in `mysql_connection'
	from /usr/local/lib/ruby/gems/1.8/gems/activerecord-2.3.5/lib/active_record/connection_adapters/abstract/connection_pool.rb:223:in `send'
	from /usr/local/lib/ruby/gems/1.8/gems/activerecord-2.3.5/lib/active_record/connection_adapters/abstract/connection_pool.rb:223:in `new_connection'
	from /usr/local/lib/ruby/gems/1.8/gems/activerecord-2.3.5/lib/active_record/connection_adapters/abstract/connection_pool.rb:245:in `checkout_new_connection'
	from /usr/local/lib/ruby/gems/1.8/gems/activerecord-2.3.5/lib/active_record/connection_adapters/abstract/connection_pool.rb:188:in `checkout'
	from /usr/local/lib/ruby/gems/1.8/gems/activerecord-2.3.5/lib/active_record/connection_adapters/abstract/connection_pool.rb:184:in `loop'
	from /usr/local/lib/ruby/gems/1.8/gems/activerecord-2.3.5/lib/active_record/connection_adapters/abstract/connection_pool.rb:184:in `checkout'
	from /usr/local/lib/ruby/1.8/monitor.rb:242:in `synchronize'
	from /usr/local/lib/ruby/gems/1.8/gems/activerecord-2.3.5/lib/active_record/connection_adapters/abstract/connection_pool.rb:183:in `checkout'
	from /usr/local/lib/ruby/gems/1.8/gems/activerecord-2.3.5/lib/active_record/connection_adapters/abstract/connection_pool.rb:98:in `connection'
	from /usr/local/lib/ruby/gems/1.8/gems/activerecord-2.3.5/lib/active_record/connection_adapters/abstract/connection_pool.rb:326:in `retrieve_connection'
	from /usr/local/lib/ruby/gems/1.8/gems/activerecord-2.3.5/lib/active_record/connection_adapters/abstract/connection_specification.rb:123:in `retrieve_connection'
	from /usr/local/lib/ruby/gems/1.8/gems/activerecord-2.3.5/lib/active_record/connection_adapters/abstract/connection_specification.rb:115:in `connection'
	from /usr/local/lib/ruby/gems/1.8/gems/activerecord-2.3.5/lib/active_record/base.rb:3113:in `quoted_table_name'
	from /usr/local/lib/ruby/gems/1.8/gems/activerecord-2.3.5/lib/active_record/base.rb:1684:in `construct_finder_sql'
	from /usr/local/lib/ruby/gems/1.8/gems/activerecord-2.3.5/lib/active_record/base.rb:1548:in `find_every'
	from /usr/local/lib/ruby/gems/1.8/gems/activerecord-2.3.5/lib/active_record/base.rb:1505:in `find_initial'
	from /usr/local/lib/ruby/gems/1.8/gems/activerecord-2.3.5/lib/active_record/base.rb:613:in `find_without_squirrel'
	from /work/tdameritrade/stock_db_capture/vendor/plugins/squirrel/lib/squirrel.rb:16:in `find'
	from /usr/local/lib/ruby/gems/1.8/gems/activerecord-2.3.5/lib/active_record/base.rb:623:in `first'
	from /work/tdameritrade/stock_db_capture/lib/task/base.rb:243:in `run'
	from /usr/local/lib/ruby/gems/1.8/gems/daemons-1.0.10/lib/daemons/application.rb:215:in `call'
	from /usr/local/lib/ruby/gems/1.8/gems/daemons-1.0.10/lib/daemons/application.rb:215:in `start_proc'
	from /usr/local/lib/ruby/gems/1.8/gems/daemons-1.0.10/lib/daemons/daemonize.rb:192:in `call'
	from /usr/local/lib/ruby/gems/1.8/gems/daemons-1.0.10/lib/daemons/daemonize.rb:192:in `call_as_daemon'
	from /usr/local/lib/ruby/gems/1.8/gems/daemons-1.0.10/lib/daemons/application.rb:219:in `start_proc'
	from /usr/local/lib/ruby/gems/1.8/gems/daemons-1.0.10/lib/daemons/application.rb:255:in `start'
	from /usr/local/lib/ruby/gems/1.8/gems/daemons-1.0.10/lib/daemons/controller.rb:69:in `run'
	from /usr/local/lib/ruby/gems/1.8/gems/daemons-1.0.10/lib/daemons.rb:188:in `run_proc'
	from /usr/local/lib/ruby/gems/1.8/gems/daemons-1.0.10/lib/daemons/cmdline.rb:105:in `call'
	from /usr/local/lib/ruby/gems/1.8/gems/daemons-1.0.10/lib/daemons/cmdline.rb:105:in `catch_exceptions'
	from /usr/local/lib/ruby/gems/1.8/gems/daemons-1.0.10/lib/daemons.rb:187:in `run_proc'
	from /work/tdameritrade/stock_db_capture/lib/task/base.rb:242:in `run'
	from /work/tdameritrade/stock_db_capture/lib/task/base.rb:241:in `times'
	from /work/tdameritrade/stock_db_capture/lib/task/base.rb:241:in `run'
	from ./task_manager:37
/usr/local/lib/ruby/gems/1.8/gems/activesupport-2.3.5/lib/active_support/buffered_logger.rb:99:in `write': closed stream (IOError)
	from /usr/local/lib/ruby/gems/1.8/gems/activesupport-2.3.5/lib/active_support/buffered_logger.rb:99:in `flush'
	from /usr/local/lib/ruby/gems/1.8/gems/activesupport-2.3.5/lib/active_support/buffered_logger.rb:96:in `synchronize'
	from /usr/local/lib/ruby/gems/1.8/gems/activesupport-2.3.5/lib/active_support/buffered_logger.rb:96:in `flush'
	from /usr/local/lib/ruby/gems/1.8/gems/activesupport-2.3.5/lib/active_support/buffered_logger.rb:116:in `auto_flush'
	from /usr/local/lib/ruby/gems/1.8/gems/activesupport-2.3.5/lib/active_support/buffered_logger.rb:65:in `add'
	from /usr/local/lib/ruby/gems/1.8/gems/activesupport-2.3.5/lib/active_support/buffered_logger.rb:71:in `debug'
	from /usr/local/lib/ruby/gems/1.8/gems/activerecord-2.3.5/lib/active_record/connection_adapters/abstract_adapter.rb:196:in `log_info'
	from /usr/local/lib/ruby/gems/1.8/gems/activerecord-2.3.5/lib/active_record/connection_adapters/abstract_adapter.rb:218:in `log'
	from /usr/local/lib/ruby/gems/1.8/gems/activerecord-2.3.5/lib/active_record/connection_adapters/mysql_adapter.rb:323:in `execute'
	from /usr/local/lib/ruby/gems/1.8/gems/activerecord-2.3.5/lib/active_record/connection_adapters/mysql_adapter.rb:599:in `configure_connection'
	from /usr/local/lib/ruby/gems/1.8/gems/activerecord-2.3.5/lib/active_record/connection_adapters/mysql_adapter.rb:594:in `connect'
	from /usr/local/lib/ruby/gems/1.8/gems/activerecord-2.3.5/lib/active_record/connection_adapters/mysql_adapter.rb:203:in `initialize'
	from /usr/local/lib/ruby/gems/1.8/gems/activerecord-2.3.5/lib/active_record/connection_adapters/mysql_adapter.rb:75:in `new'
	from /usr/local/lib/ruby/gems/1.8/gems/activerecord-2.3.5/lib/active_record/connection_adapters/mysql_adapter.rb:75:in `mysql_connection'
	from /usr/local/lib/ruby/gems/1.8/gems/activerecord-2.3.5/lib/active_record/connection_adapters/abstract/connection_pool.rb:223:in `send'
	from /usr/local/lib/ruby/gems/1.8/gems/activerecord-2.3.5/lib/active_record/connection_adapters/abstract/connection_pool.rb:223:in `new_connection'
	from /usr/local/lib/ruby/gems/1.8/gems/activerecord-2.3.5/lib/active_record/connection_adapters/abstract/connection_pool.rb:245:in `checkout_new_connection'
	from /usr/local/lib/ruby/gems/1.8/gems/activerecord-2.3.5/lib/active_record/connection_adapters/abstract/connection_pool.rb:188:in `checkout'
	from /usr/local/lib/ruby/gems/1.8/gems/activerecord-2.3.5/lib/active_record/connection_adapters/abstract/connection_pool.rb:184:in `loop'
	from /usr/local/lib/ruby/gems/1.8/gems/activerecord-2.3.5/lib/active_record/connection_adapters/abstract/connection_pool.rb:184:in `checkout'
	from /usr/local/lib/ruby/1.8/monitor.rb:242:in `synchronize'
	from /usr/local/lib/ruby/gems/1.8/gems/activerecord-2.3.5/lib/active_record/connection_adapters/abstract/connection_pool.rb:183:in `checkout'
	from /usr/local/lib/ruby/gems/1.8/gems/activerecord-2.3.5/lib/active_record/connection_adapters/abstract/connection_pool.rb:98:in `connection'
	from /usr/local/lib/ruby/gems/1.8/gems/activerecord-2.3.5/lib/active_record/connection_adapters/abstract/connection_pool.rb:326:in `retrieve_connection'
	from /usr/local/lib/ruby/gems/1.8/gems/activerecord-2.3.5/lib/active_record/connection_adapters/abstract/connection_specification.rb:123:in `retrieve_connection'
	from /usr/local/lib/ruby/gems/1.8/gems/activerecord-2.3.5/lib/active_record/connection_adapters/abstract/connection_specification.rb:115:in `connection'
	from /usr/local/lib/ruby/gems/1.8/gems/activerecord-2.3.5/lib/active_record/base.rb:3113:in `quoted_table_name'
	from /usr/local/lib/ruby/gems/1.8/gems/activerecord-2.3.5/lib/active_record/base.rb:1684:in `construct_finder_sql'
	from /usr/local/lib/ruby/gems/1.8/gems/activerecord-2.3.5/lib/active_record/base.rb:1548:in `find_every'
	from /usr/local/lib/ruby/gems/1.8/gems/activerecord-2.3.5/lib/active_record/base.rb:1505:in `find_initial'
	from /usr/local/lib/ruby/gems/1.8/gems/activerecord-2.3.5/lib/active_record/base.rb:613:in `find_without_squirrel'
	from /work/tdameritrade/stock_db_capture/vendor/plugins/squirrel/lib/squirrel.rb:16:in `find'
	from /usr/local/lib/ruby/gems/1.8/gems/activerecord-2.3.5/lib/active_record/base.rb:623:in `first'
	from /work/tdameritrade/stock_db_capture/lib/task/base.rb:243:in `run'
	from /usr/local/lib/ruby/gems/1.8/gems/daemons-1.0.10/lib/daemons/application.rb:215:in `call'
	from /usr/local/lib/ruby/gems/1.8/gems/daemons-1.0.10/lib/daemons/application.rb:215:in `start_proc'
	from /usr/local/lib/ruby/gems/1.8/gems/daemons-1.0.10/lib/daemons/daemonize.rb:192:in `call'
	from /usr/local/lib/ruby/gems/1.8/gems/daemons-1.0.10/lib/daemons/daemonize.rb:192:in `call_as_daemon'
	from /usr/local/lib/ruby/gems/1.8/gems/daemons-1.0.10/lib/daemons/application.rb:219:in `start_proc'
	from /usr/local/lib/ruby/gems/1.8/gems/daemons-1.0.10/lib/daemons/application.rb:255:in `start'
	from /usr/local/lib/ruby/gems/1.8/gems/daemons-1.0.10/lib/daemons/controller.rb:69:in `run'
	from /usr/local/lib/ruby/gems/1.8/gems/daemons-1.0.10/lib/daemons.rb:188:in `run_proc'
	from /usr/local/lib/ruby/gems/1.8/gems/daemons-1.0.10/lib/daemons/cmdline.rb:105:in `call'
	from /usr/local/lib/ruby/gems/1.8/gems/daemons-1.0.10/lib/daemons/cmdline.rb:105:in `catch_exceptions'
	from /usr/local/lib/ruby/gems/1.8/gems/daemons-1.0.10/lib/daemons.rb:187:in `run_proc'
	from /work/tdameritrade/stock_db_capture/lib/task/base.rb:242:in `run'
	from /work/tdameritrade/stock_db_capture/lib/task/base.rb:241:in `times'
	from /work/tdameritrade/stock_db_capture/lib/task/base.rb:241:in `run'
	from ./task_manager:37
/usr/local/lib/ruby/gems/1.8/gems/activesupport-2.3.5/lib/active_support/buffered_logger.rb:99:in `write': closed stream (IOError)
	from /usr/local/lib/ruby/gems/1.8/gems/activesupport-2.3.5/lib/active_support/buffered_logger.rb:99:in `flush'
	from /usr/local/lib/ruby/gems/1.8/gems/activesupport-2.3.5/lib/active_support/buffered_logger.rb:96:in `synchronize'
	from /usr/local/lib/ruby/gems/1.8/gems/activesupport-2.3.5/lib/active_support/buffered_logger.rb:96:in `flush'
	from /usr/local/lib/ruby/gems/1.8/gems/activesupport-2.3.5/lib/active_support/buffered_logger.rb:116:in `auto_flush'
	from /usr/local/lib/ruby/gems/1.8/gems/activesupport-2.3.5/lib/active_support/buffered_logger.rb:65:in `add'
	from /usr/local/lib/ruby/gems/1.8/gems/activesupport-2.3.5/lib/active_support/buffered_logger.rb:71:in `debug'
	from /usr/local/lib/ruby/gems/1.8/gems/activerecord-2.3.5/lib/active_record/connection_adapters/abstract_adapter.rb:196:in `log_info'
	from /usr/local/lib/ruby/gems/1.8/gems/activerecord-2.3.5/lib/active_record/connection_adapters/abstract_adapter.rb:218:in `log'
	from /usr/local/lib/ruby/gems/1.8/gems/activerecord-2.3.5/lib/active_record/connection_adapters/mysql_adapter.rb:323:in `execute'
	from /usr/local/lib/ruby/gems/1.8/gems/activerecord-2.3.5/lib/active_record/connection_adapters/mysql_adapter.rb:599:in `configure_connection'
	from /usr/local/lib/ruby/gems/1.8/gems/activerecord-2.3.5/lib/active_record/connection_adapters/mysql_adapter.rb:594:in `connect'
	from /usr/local/lib/ruby/gems/1.8/gems/activerecord-2.3.5/lib/active_record/connection_adapters/mysql_adapter.rb:203:in `initialize'
	from /usr/local/lib/ruby/gems/1.8/gems/activerecord-2.3.5/lib/active_record/connection_adapters/mysql_adapter.rb:75:in `new'
	from /usr/local/lib/ruby/gems/1.8/gems/activerecord-2.3.5/lib/active_record/connection_adapters/mysql_adapter.rb:75:in `mysql_connection'
	from /usr/local/lib/ruby/gems/1.8/gems/activerecord-2.3.5/lib/active_record/connection_adapters/abstract/connection_pool.rb:223:in `send'
	from /usr/local/lib/ruby/gems/1.8/gems/activerecord-2.3.5/lib/active_record/connection_adapters/abstract/connection_pool.rb:223:in `new_connection'
	from /usr/local/lib/ruby/gems/1.8/gems/activerecord-2.3.5/lib/active_record/connection_adapters/abstract/connection_pool.rb:245:in `checkout_new_connection'
	from /usr/local/lib/ruby/gems/1.8/gems/activerecord-2.3.5/lib/active_record/connection_adapters/abstract/connection_pool.rb:188:in `checkout'
	from /usr/local/lib/ruby/gems/1.8/gems/activerecord-2.3.5/lib/active_record/connection_adapters/abstract/connection_pool.rb:184:in `loop'
	from /usr/local/lib/ruby/gems/1.8/gems/activerecord-2.3.5/lib/active_record/connection_adapters/abstract/connection_pool.rb:184:in `checkout'
	from /usr/local/lib/ruby/1.8/monitor.rb:242:in `synchronize'
	from /usr/local/lib/ruby/gems/1.8/gems/activerecord-2.3.5/lib/active_record/connection_adapters/abstract/connection_pool.rb:183:in `checkout'
	from /usr/local/lib/ruby/gems/1.8/gems/activerecord-2.3.5/lib/active_record/connection_adapters/abstract/connection_pool.rb:98:in `connection'
	from /usr/local/lib/ruby/gems/1.8/gems/activerecord-2.3.5/lib/active_record/connection_adapters/abstract/connection_pool.rb:326:in `retrieve_connection'
	from /usr/local/lib/ruby/gems/1.8/gems/activerecord-2.3.5/lib/active_record/connection_adapters/abstract/connection_specification.rb:123:in `retrieve_connection'
	from /usr/local/lib/ruby/gems/1.8/gems/activerecord-2.3.5/lib/active_record/connection_adapters/abstract/connection_specification.rb:115:in `connection'
	from /usr/local/lib/ruby/gems/1.8/gems/activerecord-2.3.5/lib/active_record/base.rb:3113:in `quoted_table_name'
	from /usr/local/lib/ruby/gems/1.8/gems/activerecord-2.3.5/lib/active_record/base.rb:1684:in `construct_finder_sql'
	from /usr/local/lib/ruby/gems/1.8/gems/activerecord-2.3.5/lib/active_record/base.rb:1548:in `find_every'
	from /usr/local/lib/ruby/gems/1.8/gems/activerecord-2.3.5/lib/active_record/base.rb:1505:in `find_initial'
	from /usr/local/lib/ruby/gems/1.8/gems/activerecord-2.3.5/lib/active_record/base.rb:613:in `find_without_squirrel'
	from /work/tdameritrade/stock_db_capture/vendor/plugins/squirrel/lib/squirrel.rb:16:in `find'
	from /usr/local/lib/ruby/gems/1.8/gems/activerecord-2.3.5/lib/active_record/base.rb:623:in `first'
	from /work/tdameritrade/stock_db_capture/lib/task/base.rb:245:in `run'
	from /usr/local/lib/ruby/gems/1.8/gems/daemons-1.0.10/lib/daemons/application.rb:215:in `call'
	from /usr/local/lib/ruby/gems/1.8/gems/daemons-1.0.10/lib/daemons/application.rb:215:in `start_proc'
	from /usr/local/lib/ruby/gems/1.8/gems/daemons-1.0.10/lib/daemons/daemonize.rb:192:in `call'
	from /usr/local/lib/ruby/gems/1.8/gems/daemons-1.0.10/lib/daemons/daemonize.rb:192:in `call_as_daemon'
	from /usr/local/lib/ruby/gems/1.8/gems/daemons-1.0.10/lib/daemons/application.rb:219:in `start_proc'
	from /usr/local/lib/ruby/gems/1.8/gems/daemons-1.0.10/lib/daemons/application.rb:255:in `start'
	from /usr/local/lib/ruby/gems/1.8/gems/daemons-1.0.10/lib/daemons/controller.rb:69:in `run'
	from /usr/local/lib/ruby/gems/1.8/gems/daemons-1.0.10/lib/daemons.rb:188:in `run_proc'
	from /usr/local/lib/ruby/gems/1.8/gems/daemons-1.0.10/lib/daemons/cmdline.rb:105:in `call'
	from /usr/local/lib/ruby/gems/1.8/gems/daemons-1.0.10/lib/daemons/cmdline.rb:105:in `catch_exceptions'
	from /usr/local/lib/ruby/gems/1.8/gems/daemons-1.0.10/lib/daemons.rb:187:in `run_proc'
	from /work/tdameritrade/stock_db_capture/lib/task/base.rb:242:in `run'
	from /work/tdameritrade/stock_db_capture/lib/task/base.rb:241:in `times'
	from /work/tdameritrade/stock_db_capture/lib/task/base.rb:241:in `run'
	from ./task_manager:37
