# Logfile created on Sun Apr 25 12:38:24 -0700 2010 by /
# Logfile created on Sun Apr 25 12:38:24 -0700 2010 by /
*** below you find the most recent exception thrown, this will be likely (but not certainly) the exception that made the application exit abnormally ***
#<Rinda::RequestExpiredError: Rinda::RequestExpiredError>
*** below you find all exception objects found in memory, some of them may have been thrown in your application, others may just be in memory because they are standard exceptions ***
#<NoMemoryError: failed to allocate memory>
#<SystemStackError: stack level too deep>
#<fatal: exception reentered>
*** below you find the most recent exception thrown, this will be likely (but not certainly) the exception that made the application exit abnormally ***
#<Rinda::RequestExpiredError: Rinda::RequestExpiredError>
*** below you find all exception objects found in memory, some of them may have been thrown in your application, others may just be in memory because they are standard exceptions ***
#<NoMemoryError: failed to allocate memory>
#<SystemStackError: stack level too deep>
#<fatal: exception reentered>
*** below you find the most recent exception thrown, this will be likely (but not certainly) the exception that made the application exit abnormally ***
#<Rinda::RequestExpiredError: Rinda::RequestExpiredError>
*** below you find all exception objects found in memory, some of them may have been thrown in your application, others may just be in memory because they are standard exceptions ***
#<NoMemoryError: failed to allocate memory>
#<SystemStackError: stack level too deep>
#<fatal: exception reentered>
*** below you find the most recent exception thrown, this will be likely (but not certainly) the exception that made the application exit abnormally ***
#<Rinda::RequestExpiredError: Rinda::RequestExpiredError>
*** below you find all exception objects found in memory, some of them may have been thrown in your application, others may just be in memory because they are standard exceptions ***
#<NoMemoryError: failed to allocate memory>
#<SystemStackError: stack level too deep>
#<fatal: exception reentered>
#<Rinda::RequestExpiredError: Rinda::RequestExpiredError>
*** below you find the most recent exception thrown, this will be likely (but not certainly) the exception that made the application exit abnormally ***
#<Rinda::RequestExpiredError: Rinda::RequestExpiredError>
*** below you find all exception objects found in memory, some of them may have been thrown in your application, others may just be in memory because they are standard exceptions ***
#<NoMemoryError: failed to allocate memory>
#<SystemStackError: stack level too deep>
#<fatal: exception reentered>
#<Rinda::RequestExpiredError: Rinda::RequestExpiredError>
#<SystemExit: exit>
#<Rinda::RequestExpiredError: Rinda::RequestExpiredError>
#<Rinda::RequestExpiredError: Rinda::RequestExpiredError>
#<Rinda::RequestExpiredError: Rinda::RequestExpiredError>
#<Rinda::RequestExpiredError: Rinda::RequestExpiredError>
#<Rinda::RequestExpiredError: Rinda::RequestExpiredError>
#<Rinda::RequestExpiredError: Rinda::RequestExpiredError>
#<Rinda::RequestExpiredError: Rinda::RequestExpiredError>
#<Rinda::RequestExpiredError: Rinda::RequestExpiredError>
#<SystemExit: exit>
#<Rinda::RequestExpiredError: Rinda::RequestExpiredError>
#<Rinda::RequestExpiredError: Rinda::RequestExpiredError>
#<Rinda::RequestExpiredError: Rinda::RequestExpiredError>
#<Rinda::RequestExpiredError: Rinda::RequestExpiredError>
#<Rinda::RequestExpiredError: Rinda::RequestExpiredError>
#<Rinda::RequestExpiredError: Rinda::RequestExpiredError>
#<Rinda::RequestExpiredError: Rinda::RequestExpiredError>
#<SystemExit: exit>
#<Rinda::RequestExpiredError: Rinda::RequestExpiredError>
#<Rinda::RequestExpiredError: Rinda::RequestExpiredError>
#<Rinda::RequestExpiredError: Rinda::RequestExpiredError>
#<Rinda::RequestExpiredError: Rinda::RequestExpiredError>
#<Rinda::RequestExpiredError: Rinda::RequestExpiredError>
#<Rinda::RequestExpiredError: Rinda::RequestExpiredError>
#<Rinda::RequestExpiredError: Rinda::RequestExpiredError>
#<Rinda::RequestExpiredError: Rinda::RequestExpiredError>
#<SystemExit: exit>
#<Rinda::RequestExpiredError: Rinda::RequestExpiredError>
#<Rinda::RequestExpiredError: Rinda::RequestExpiredError>
#<Rinda::RequestExpiredError: Rinda::RequestExpiredError>
#<Rinda::RequestExpiredError: Rinda::RequestExpiredError>
#<Rinda::RequestExpiredError: Rinda::RequestExpiredError>
#<Rinda::RequestExpiredError: Rinda::RequestExpiredError>
#<Rinda::RequestExpiredError: Rinda::RequestExpiredError>
#<Rinda::RequestExpiredError: Rinda::RequestExpiredError>
#<ActiveRecord::RecordNotFound: Couldn't find all Positions with IDs ([[110, Wed Jul 24 13:30:00 UTC 2002, 1]])`positions`.`ticker_id`=110 AND `positions`.`entry_date`='2002-07-24 13:30:00' AND `positions`.`etind_id`=1>
#<Rinda::RequestExpiredError: Rinda::RequestExpiredError>
#<SystemExit: exit>
#<Rinda::RequestExpiredError: Rinda::RequestExpiredError>
#<Rinda::RequestExpiredError: Rinda::RequestExpiredError>
#<Rinda::RequestExpiredError: Rinda::RequestExpiredError>
#<Rinda::RequestExpiredError: Rinda::RequestExpiredError>
#<Rinda::RequestExpiredError: Rinda::RequestExpiredError>
